\BOOKMARK [0][-]{chapter.1}{Procesos}{}% 1
\BOOKMARK [1][-]{section.1.1}{P0.1 Solicitud de cuenta}{chapter.1}% 2
\BOOKMARK [2][-]{subsection.1.1.1}{Resumen}{section.1.1}% 3
\BOOKMARK [2][-]{subsection.1.1.2}{Elementos del proceso}{section.1.1}% 4
\BOOKMARK [2][-]{subsection.1.1.3}{Descripci\363n de Tareas}{section.1.1}% 5
\BOOKMARK [1][-]{section.1.2}{P2.1 Adquisici\363n de Material}{chapter.1}% 6
\BOOKMARK [2][-]{subsection.1.2.1}{Resumen}{section.1.2}% 7
\BOOKMARK [2][-]{subsection.1.2.2}{Elementos del proceso}{section.1.2}% 8
\BOOKMARK [2][-]{subsection.1.2.3}{Descripci\363n de Tareas}{section.1.2}% 9
\BOOKMARK [1][-]{section.1.3}{P2.2 Cotejar Existencia de Material}{chapter.1}% 10
\BOOKMARK [2][-]{subsection.1.3.1}{Resumen}{section.1.3}% 11
\BOOKMARK [2][-]{subsection.1.3.2}{Elementos del proceso}{section.1.3}% 12
\BOOKMARK [2][-]{subsection.1.3.3}{Descripci\363n de Tareas}{section.1.3}% 13
\BOOKMARK [0][-]{chapter.2}{Actores del sistema}{}% 14
\BOOKMARK [0][-]{chapter.3}{Glosario de t\351rminos}{}% 15
\BOOKMARK [0][-]{appendix.Alph1}{Condiciones}{}% 16
\BOOKMARK [1][-]{subsection.Alph1.0.1}{C0.1 Alumno en baja }{appendix.Alph1}% 17
\BOOKMARK [2][-]{subsection.Alph1.0.2}{C2.1 Cantidad total menor}{subsection.Alph1.0.1}% 18
\BOOKMARK [2][-]{subsection.Alph1.0.3}{C2.2 Presupuesto suficiente}{subsection.Alph1.0.1}% 19
\BOOKMARK [0][-]{appendix.Alph2}{Mensajes}{}% 20
\BOOKMARK [1][-]{subsection.Alph2.0.1}{MSJ0.1 Activaci\363n de cuenta }{appendix.Alph2}% 21
\BOOKMARK [2][-]{subsection.Alph2.0.2}{MSJ0.2 Operacion Exitosa }{subsection.Alph2.0.1}% 22
\BOOKMARK [0][-]{appendix.Alph3}{Formularios}{}% 23
\BOOKMARK [1][-]{subsection.Alph3.0.1}{F4.1 Dar de alta Lector }{appendix.Alph3}% 24
\BOOKMARK [2][-]{subsection.Alph3.0.2}{F2.1 Presupuesto Aceptado}{subsection.Alph3.0.1}% 25
\BOOKMARK [2][-]{subsection.Alph3.0.3}{F2.1 Selecci\363n de Libros y/o material audiovisual}{subsection.Alph3.0.1}% 26
\BOOKMARK [2][-]{subsection.Alph3.0.4}{F2.3 Selecci\363n de Libros y/o material audiovisual}{subsection.Alph3.0.1}% 27
\BOOKMARK [2][-]{subsection.Alph3.0.5}{F2.4 Lista de Material a Surtir}{subsection.Alph3.0.1}% 28
\BOOKMARK [2][-]{subsection.Alph3.0.6}{F2.5 Escanear Libros}{subsection.Alph3.0.1}% 29
\BOOKMARK [2][-]{subsection.Alph3.0.7}{F2.6 Escanear Material Audiovisual}{subsection.Alph3.0.1}% 30
\BOOKMARK [2][-]{subsection.Alph3.0.8}{F2.7 Escanear Equipo de C\363mputo}{subsection.Alph3.0.1}% 31
\BOOKMARK [2][-]{subsection.Alph3.0.9}{F4.2 Actualizar Lector }{subsection.Alph3.0.1}% 32
\BOOKMARK [0][-]{appendix.Alph4}{Documentos}{}% 33
\BOOKMARK [1][-]{subsection.Alph4.0.1}{D0.1 Credencial de Estudiante }{appendix.Alph4}% 34
\BOOKMARK [2][-]{subsection.Alph4.0.2}{D2.1 Libros Escaneados}{subsection.Alph4.0.1}% 35
\BOOKMARK [2][-]{subsection.Alph4.0.3}{D2.2 Material Audiovisual Escaneado}{subsection.Alph4.0.1}% 36
\BOOKMARK [2][-]{subsection.Alph4.0.4}{D2.2 Equipo de C\363mputo Escaneado}{subsection.Alph4.0.1}% 37
